root@node1:/opt/wordpress# docker compose up
[+] Running 0/0
 ⠋ Network wordpress_default  Creating                                                                                                                                            0.1s
[+] Running 4/4d orphan containers ([mysqld-exporter]) for this project. If you removed or renamed this service in your compose file, you can run this command with the --remove-orphan ✔ Network wordpress_default        Created                                                                                                                                       0.1s
 ✔ Container wordpress-db-1         Created                                                                                                                                       0.1s
 ✔ Container cadvisor               Created                                                                                                                                       0.1s
 ✔ Container wordpress-wordpress-1  Created                                                                                                                                       0.1s
Attaching to cadvisor, wordpress-db-1, wordpress-wordpress-1
wordpress-db-1         | 2023-09-17 09:01:31+00:00 [Note] [Entrypoint]: Entrypoint script for MySQL Server 5.7.43-1.el7 started.
wordpress-db-1         | 2023-09-17 09:01:32+00:00 [Note] [Entrypoint]: Switching to dedicated user 'mysql'
wordpress-db-1         | 2023-09-17 09:01:32+00:00 [Note] [Entrypoint]: Entrypoint script for MySQL Server 5.7.43-1.el7 started.
wordpress-wordpress-1  | AH00558: apache2: Could not reliably determine the server's fully qualified domain name, using 172.21.0.4. Set the 'ServerName' directive globally to suppress this message
wordpress-wordpress-1  | AH00558: apache2: Could not reliably determine the server's fully qualified domain name, using 172.21.0.4. Set the 'ServerName' directive globally to suppress this message
wordpress-wordpress-1  | [Sun Sep 17 09:01:33.082239 2023] [mpm_prefork:notice] [pid 1] AH00163: Apache/2.4.56 (Debian) PHP/8.0.30 configured -- resuming normal operations
wordpress-wordpress-1  | [Sun Sep 17 09:01:33.087123 2023] [core:notice] [pid 1] AH00094: Command line: 'apache2 -D FOREGROUND'
wordpress-db-1         | '/var/lib/mysql/mysql.sock' -> '/var/run/mysqld/mysqld.sock'
wordpress-db-1         | 2023-09-17T09:01:33.604472Z 0 [Warning] TIMESTAMP with implicit DEFAULT value is deprecated. Please use --explicit_defaults_for_timestamp server option (see documentation for more details).
wordpress-db-1         | 2023-09-17T09:01:33.606736Z 0 [Note] mysqld (mysqld 5.7.43) starting as process 1 ...
wordpress-db-1         | 2023-09-17T09:01:33.613795Z 0 [Note] InnoDB: PUNCH HOLE support available
wordpress-db-1         | 2023-09-17T09:01:33.614362Z 0 [Note] InnoDB: Mutexes and rw_locks use GCC atomic builtins
wordpress-db-1         | 2023-09-17T09:01:33.614700Z 0 [Note] InnoDB: Uses event mutexes
wordpress-db-1         | 2023-09-17T09:01:33.615024Z 0 [Note] InnoDB: GCC builtin __atomic_thread_fence() is used for memory barrier
wordpress-db-1         | 2023-09-17T09:01:33.615308Z 0 [Note] InnoDB: Compressed tables use zlib 1.2.13
wordpress-db-1         | 2023-09-17T09:01:33.615558Z 0 [Note] InnoDB: Using Linux native AIO
wordpress-db-1         | 2023-09-17T09:01:33.616351Z 0 [Note] InnoDB: Number of pools: 1
wordpress-db-1         | 2023-09-17T09:01:33.616836Z 0 [Note] InnoDB: Using CPU crc32 instructions
wordpress-db-1         | 2023-09-17T09:01:33.623199Z 0 [Note] InnoDB: Initializing buffer pool, total size = 128M, instances = 1, chunk size = 128M
wordpress-db-1         | 2023-09-17T09:01:33.643096Z 0 [Note] InnoDB: Completed initialization of buffer pool
wordpress-db-1         | 2023-09-17T09:01:33.646486Z 0 [Note] InnoDB: If the mysqld execution user is authorized, page cleaner thread priority can be changed. See the man page of setpriority().
wordpress-db-1         | 2023-09-17T09:01:33.660640Z 0 [Note] InnoDB: Highest supported file format is Barracuda.
wordpress-db-1         | 2023-09-17T09:01:33.731780Z 0 [Note] InnoDB: Creating shared tablespace for temporary tables
wordpress-db-1         | 2023-09-17T09:01:33.732417Z 0 [Note] InnoDB: Setting file './ibtmp1' size to 12 MB. Physically writing the file full; Please wait ...
wordpress-db-1         | 2023-09-17T09:01:33.842220Z 0 [Note] InnoDB: File './ibtmp1' size is now 12 MB.
wordpress-db-1         | 2023-09-17T09:01:33.844933Z 0 [Note] InnoDB: 96 redo rollback segment(s) found. 96 redo rollback segment(s) are active.
wordpress-db-1         | 2023-09-17T09:01:33.845895Z 0 [Note] InnoDB: 32 non-redo rollback segment(s) are active.
wordpress-db-1         | 2023-09-17T09:01:33.846969Z 0 [Note] InnoDB: Waiting for purge to start
wordpress-db-1         | 2023-09-17T09:01:33.897834Z 0 [Note] InnoDB: 5.7.43 started; log sequence number 12218051
wordpress-db-1         | 2023-09-17T09:01:33.899047Z 0 [Note] Plugin 'FEDERATED' is disabled.
wordpress-db-1         | 2023-09-17T09:01:33.904033Z 0 [Note] InnoDB: Loading buffer pool(s) from /var/lib/mysql/ib_buffer_pool
wordpress-db-1         | 2023-09-17T09:01:33.906576Z 0 [Note] InnoDB: Buffer pool(s) load completed at 230917  9:01:33
wordpress-db-1         | 2023-09-17T09:01:33.912263Z 0 [Note] Found ca.pem, server-cert.pem and server-key.pem in data directory. Trying to enable SSL support using them.
wordpress-db-1         | 2023-09-17T09:01:33.912794Z 0 [Note] Skipping generation of SSL certificates as certificate files are present in data directory.
wordpress-db-1         | 2023-09-17T09:01:33.913114Z 0 [Warning] A deprecated TLS version TLSv1 is enabled. Please use TLSv1.2 or higher.
wordpress-db-1         | 2023-09-17T09:01:33.913412Z 0 [Warning] A deprecated TLS version TLSv1.1 is enabled. Please use TLSv1.2 or higher.
wordpress-db-1         | 2023-09-17T09:01:33.914694Z 0 [Warning] CA certificate ca.pem is self signed.
wordpress-db-1         | 2023-09-17T09:01:33.915075Z 0 [Note] Skipping generation of RSA key pair as key files are present in data directory.
wordpress-db-1         | 2023-09-17T09:01:33.915899Z 0 [Note] Server hostname (bind-address): '*'; port: 3306
wordpress-db-1         | 2023-09-17T09:01:33.917295Z 0 [Note] IPv6 is available.
wordpress-db-1         | 2023-09-17T09:01:33.917658Z 0 [Note]   - '::' resolves to '::';
wordpress-db-1         | 2023-09-17T09:01:33.918129Z 0 [Note] Server socket created on IP: '::'.
wordpress-db-1         | 2023-09-17T09:01:34.050879Z 0 [Warning] Insecure configuration for --pid-file: Location '/var/run/mysqld' in the path is accessible to all OS users. Consider choosing a different directory.
wordpress-db-1         | 2023-09-17T09:01:34.067980Z 0 [Note] Event Scheduler: Loaded 0 events
wordpress-db-1         | 2023-09-17T09:01:34.068705Z 0 [Note] mysqld: ready for connections.
wordpress-db-1         | Version: '5.7.43'  socket: '/var/run/mysqld/mysqld.sock'  port: 3306  MySQL Community Server (GPL)
