ts=2023-09-17T09:06:01.664Z caller=mysqld_exporter.go:220 level=info msg="Starting mysqld_exporter" version="(version=0.15.0, branch=HEAD, revision=6ca2a42f97f3403c7788ff4f374430aa267a6b6b)"
ts=2023-09-17T09:06:01.664Z caller=mysqld_exporter.go:221 level=info msg="Build context" build_context="(go=go1.20.5, platform=linux/amd64, user=root@c4fca471a5b1, date=20230624-04:09:04, tags=netgo)"
ts=2023-09-17T09:06:01.664Z caller=mysqld_exporter.go:233 level=info msg="Scraper enabled" scraper=info_schema.innodb_metrics
ts=2023-09-17T09:06:01.665Z caller=mysqld_exporter.go:233 level=info msg="Scraper enabled" scraper=global_status
ts=2023-09-17T09:06:01.665Z caller=mysqld_exporter.go:233 level=info msg="Scraper enabled" scraper=global_variables
ts=2023-09-17T09:06:01.665Z caller=mysqld_exporter.go:233 level=info msg="Scraper enabled" scraper=slave_status
ts=2023-09-17T09:06:01.665Z caller=mysqld_exporter.go:233 level=info msg="Scraper enabled" scraper=info_schema.processlist
ts=2023-09-17T09:06:01.665Z caller=mysqld_exporter.go:233 level=info msg="Scraper enabled" scraper=info_schema.tables
ts=2023-09-17T09:06:01.665Z caller=mysqld_exporter.go:233 level=info msg="Scraper enabled" scraper=perf_schema.eventswaits
ts=2023-09-17T09:06:01.665Z caller=mysqld_exporter.go:233 level=info msg="Scraper enabled" scraper=auto_increment.columns
ts=2023-09-17T09:06:01.667Z caller=mysqld_exporter.go:233 level=info msg="Scraper enabled" scraper=binlog_size
ts=2023-09-17T09:06:01.668Z caller=mysqld_exporter.go:233 level=info msg="Scraper enabled" scraper=perf_schema.tableiowaits
ts=2023-09-17T09:06:01.668Z caller=mysqld_exporter.go:233 level=info msg="Scraper enabled" scraper=perf_schema.indexiowaits
ts=2023-09-17T09:06:01.668Z caller=mysqld_exporter.go:233 level=info msg="Scraper enabled" scraper=perf_schema.tablelocks
ts=2023-09-17T09:06:01.668Z caller=mysqld_exporter.go:233 level=info msg="Scraper enabled" scraper=info_schema.userstats
ts=2023-09-17T09:06:01.668Z caller=mysqld_exporter.go:233 level=info msg="Scraper enabled" scraper=perf_schema.file_events
ts=2023-09-17T09:06:01.668Z caller=mysqld_exporter.go:233 level=info msg="Scraper enabled" scraper=info_schema.tablestats
ts=2023-09-17T09:06:01.668Z caller=mysqld_exporter.go:233 level=info msg="Scraper enabled" scraper=info_schema.innodb_cmp
ts=2023-09-17T09:06:01.668Z caller=mysqld_exporter.go:233 level=info msg="Scraper enabled" scraper=info_schema.innodb_cmpmem
ts=2023-09-17T09:06:01.668Z caller=mysqld_exporter.go:233 level=info msg="Scraper enabled" scraper=info_schema.query_response_time
ts=2023-09-17T09:06:01.672Z caller=tls_config.go:274 level=info msg="Listening on" address=[::]:9104
ts=2023-09-17T09:06:01.673Z caller=tls_config.go:277 level=info msg="TLS is disabled." http2=false address=[::]:9104
